{
  "RSpec": {
    "coverage": {
      "/home/lu/win-vb/edx_cs169/hw2_rottenpotatoes/config/environment.rb": [
        null,
        1,
        null,
        null,
        1
      ],
      "/home/lu/win-vb/edx_cs169/hw2_rottenpotatoes/config/application.rb": [
        1,
        null,
        null,
        1,
        1,
        1,
        1,
        1,
        null,
        null,
        1,
        null,
        1,
        null,
        null,
        null,
        null,
        1,
        1,
        null,
        null,
        null,
        null,
        null,
        null,
        null,
        null,
        null,
        null,
        null,
        null,
        null,
        null,
        null,
        null,
        null,
        null,
        null,
        null,
        null,
        null,
        null,
        1,
        null,
        null,
        1,
        null,
        null,
        1,
        null,
        null,
        1,
        null,
        null
      ],
      "/home/lu/win-vb/edx_cs169/hw2_rottenpotatoes/config/boot.rb": [
        1,
        null,
        null,
        1,
        null,
        1
      ],
      "/home/lu/win-vb/edx_cs169/hw2_rottenpotatoes/config/environments/test.rb": [
        1,
        null,
        null,
        null,
        null,
        null,
        null,
        1,
        null,
        null,
        1,
        1,
        null,
        null,
        1,
        null,
        null,
        1,
        1,
        null,
        null,
        1,
        null,
        null,
        1,
        null,
        null,
        null,
        null,
        1,
        null,
        null,
        null,
        null,
        null,
        null,
        null,
        1,
        null,
        null,
        1,
        null
      ],
      "/home/lu/win-vb/edx_cs169/hw2_rottenpotatoes/config/initializers/backtrace_silencers.rb": [
        null,
        null,
        null,
        null,
        null,
        null,
        null
      ],
      "/home/lu/win-vb/edx_cs169/hw2_rottenpotatoes/config/initializers/inflections.rb": [
        null,
        null,
        null,
        null,
        null,
        null,
        null,
        null,
        null,
        null
      ],
      "/home/lu/win-vb/edx_cs169/hw2_rottenpotatoes/config/initializers/mime_types.rb": [
        null,
        null,
        null,
        null,
        null
      ],
      "/home/lu/win-vb/edx_cs169/hw2_rottenpotatoes/config/initializers/secret_token.rb": [
        null,
        null,
        null,
        null,
        null,
        null,
        1
      ],
      "/home/lu/win-vb/edx_cs169/hw2_rottenpotatoes/config/initializers/session_store.rb": [
        null,
        null,
        1,
        null,
        null,
        null,
        null,
        null
      ],
      "/home/lu/win-vb/edx_cs169/hw2_rottenpotatoes/config/initializers/wrap_parameters.rb": [
        null,
        null,
        null,
        null,
        null,
        null,
        1,
        1,
        null,
        null,
        null,
        1,
        1,
        null
      ],
      "/home/lu/win-vb/edx_cs169/hw2_rottenpotatoes/app/controllers/application_controller.rb": [
        1,
        1,
        null
      ],
      "/home/lu/win-vb/edx_cs169/hw2_rottenpotatoes/app/helpers/application_helper.rb": [
        1,
        null
      ],
      "/home/lu/win-vb/edx_cs169/hw2_rottenpotatoes/app/helpers/movies_helper.rb": [
        1,
        null,
        1,
        0,
        null,
        null,
        1,
        4,
        null,
        null,
        1,
        0,
        null,
        null
      ],
      "/home/lu/win-vb/edx_cs169/hw2_rottenpotatoes/app/controllers/movies_controller.rb": [
        1,
        null,
        null,
        1,
        2,
        2,
        2,
        null,
        1,
        1,
        null,
        null,
        null,
        null,
        1,
        3,
        null,
        null,
        null,
        null,
        null,
        null,
        null,
        null,
        null,
        null,
        null,
        null,
        3,
        3,
        null,
        1,
        null,
        0,
        null,
        3,
        3,
        12,
        null,
        null,
        null,
        null,
        null,
        null,
        null,
        3,
        1,
        1,
        1,
        null,
        null,
        2,
        0,
        0,
        0,
        0,
        null,
        2,
        null,
        null,
        null,
        null,
        null,
        null,
        null,
        1,
        null,
        null,
        null,
        1,
        null,
        2,
        null,
        2,
        2,
        null,
        null,
        null,
        1,
        1,
        null,
        null,
        1,
        1,
        1,
        1,
        1,
        null,
        null,
        1,
        1,
        1,
        1,
        1,
        null,
        null,
        null,
        1,
        6,
        6,
        6,
        1,
        1,
        5,
        null,
        1,
        4,
        1,
        1,
        null,
        null,
        null,
        1,
        4,
        4,
        null,
        null,
        1,
        1,
        1,
        null,
        null,
        null
      ],
      "/home/lu/win-vb/edx_cs169/hw2_rottenpotatoes/app/models/movie.rb": [
        1,
        null,
        1,
        1,
        null,
        1,
        3,
        null,
        null,
        1,
        3,
        null,
        null,
        1,
        4,
        4,
        4,
        1,
        1,
        null,
        null,
        null,
        null,
        null,
        null,
        null,
        null,
        null,
        null,
        1,
        3,
        3,
        2,
        null,
        1,
        null,
        null,
        null
      ],
      "/home/lu/win-vb/edx_cs169/hw2_rottenpotatoes/config/routes.rb": [
        1,
        null,
        null,
        null,
        null,
        null,
        null,
        null,
        null,
        null,
        null,
        null,
        null,
        null,
        1,
        1,
        null,
        null,
        1,
        null,
        1,
        null,
        null,
        null,
        null,
        null,
        null,
        null,
        null,
        null,
        null,
        null,
        null,
        null,
        null,
        null,
        null,
        null,
        null,
        null,
        null,
        null,
        null,
        null,
        null,
        null,
        null,
        null,
        null,
        null,
        null,
        null,
        null,
        null,
        null,
        null,
        null,
        null,
        null,
        null,
        null,
        null,
        null,
        null
      ],
      "/home/lu/win-vb/edx_cs169/hw2_rottenpotatoes/spec/factories/movie.rb": [
        null,
        1,
        1,
        1,
        1,
        4,
        null,
        null
      ],
      "/home/lu/win-vb/edx_cs169/hw2_rottenpotatoes/spec/models/movie_spec.rb": [
        1,
        null,
        null,
        null,
        null,
        null,
        null,
        null,
        null,
        null,
        null,
        1,
        1,
        1,
        1,
        null,
        1,
        null,
        1,
        1,
        2,
        null,
        null,
        null,
        null,
        null,
        null,
        null,
        null,
        null,
        null,
        null,
        1,
        1,
        1,
        1,
        1,
        1,
        1,
        null,
        1,
        1,
        1,
        2,
        null,
        null,
        1,
        1,
        1,
        2,
        null,
        null,
        null,
        null,
        null
      ]
    },
    "timestamp": 1376749996
  }
}
